\BOOKMARK [1][-]{section*.3}{\376\377\000S\000i\000g\000l\000e}{}% 1
\BOOKMARK [1][-]{section*.4}{\376\377\000A}{}% 2
\BOOKMARK [1][-]{section*.5}{\376\377\000B}{}% 3
\BOOKMARK [1][-]{section*.6}{\376\377\000C}{}% 4
\BOOKMARK [1][-]{section*.7}{\376\377\000D}{}% 5
\BOOKMARK [1][-]{section*.8}{\376\377\000E}{}% 6
\BOOKMARK [1][-]{section*.9}{\376\377\000F}{}% 7
\BOOKMARK [1][-]{section*.10}{\376\377\000G}{}% 8
\BOOKMARK [1][-]{section*.11}{\376\377\000H}{}% 9
\BOOKMARK [1][-]{section*.12}{\376\377\000I}{}% 10
\BOOKMARK [1][-]{section*.13}{\376\377\000J}{}% 11
\BOOKMARK [1][-]{section*.14}{\376\377\000K}{}% 12
\BOOKMARK [1][-]{section*.15}{\376\377\000L}{}% 13
\BOOKMARK [1][-]{section*.16}{\376\377\000M}{}% 14
\BOOKMARK [1][-]{section*.17}{\376\377\000N}{}% 15
\BOOKMARK [1][-]{section*.18}{\376\377\000O}{}% 16
\BOOKMARK [1][-]{section*.19}{\376\377\000P}{}% 17
\BOOKMARK [1][-]{section*.20}{\376\377\000Q}{}% 18
\BOOKMARK [1][-]{section*.21}{\376\377\000R}{}% 19
\BOOKMARK [1][-]{section*.22}{\376\377\000S}{}% 20
\BOOKMARK [1][-]{section*.23}{\376\377\000T}{}% 21
\BOOKMARK [1][-]{section*.24}{\376\377\000U}{}% 22
\BOOKMARK [1][-]{section*.25}{\376\377\000V}{}% 23
\BOOKMARK [1][-]{section*.26}{\376\377\000W}{}% 24
\BOOKMARK [1][-]{section*.27}{\376\377\000X}{}% 25
\BOOKMARK [1][-]{section*.28}{\376\377\000Y}{}% 26
\BOOKMARK [1][-]{section*.29}{\376\377\000Z}{}% 27
