\BOOKMARK [1][-]{section.1}{\376\377\000I\000n\000t\000r\000o\000d\000u\000z\000i\000o\000n\000e}{}% 1
\BOOKMARK [2][-]{subsection.1.1}{\376\377\000S\000c\000o\000p\000o\000\040\000d\000e\000l\000\040\000d\000o\000c\000u\000m\000e\000n\000t\000o}{section.1}% 2
\BOOKMARK [2][-]{subsection.1.2}{\376\377\000I\000l\000\040\000p\000r\000o\000g\000e\000t\000t\000o}{section.1}% 3
\BOOKMARK [1][-]{section.2}{\376\377\000M\000e\000t\000r\000i\000c\000h\000e}{}% 4
\BOOKMARK [2][-]{subsection.2.1}{\376\377\000C\000o\000d\000i\000c\000e}{section.2}% 5
\BOOKMARK [2][-]{subsection.2.2}{\376\377\000C\000o\000n\000t\000e\000n\000u\000t\000o}{section.2}% 6
\BOOKMARK [1][-]{section.3}{\376\377\000Q\000u\000a\000l\000i\000t\000\340\000\040\000d\000i\000\040\000p\000r\000o\000c\000e\000s\000s\000o}{}% 7
\BOOKMARK [2][-]{subsection.3.1}{\376\377\000P\000r\000o\000c\000e\000s\000s\000i\000\040\000p\000r\000i\000m\000a\000r\000i}{section.3}% 8
\BOOKMARK [3][-]{subsubsection.3.1.1}{\376\377\000F\000o\000r\000n\000i\000t\000u\000r\000a}{subsection.3.1}% 9
\BOOKMARK [3][-]{subsubsection.3.1.2}{\376\377\000S\000v\000i\000l\000u\000p\000p\000o}{subsection.3.1}% 10
\BOOKMARK [4][-]{paragraph.3.1.2.1}{\376\377\000P\000r\000o\000g\000e\000t\000t\000a\000z\000i\000o\000n\000e}{subsubsection.3.1.2}% 11
\BOOKMARK [4][-]{paragraph.3.1.2.2}{\376\377\000C\000o\000d\000i\000f\000i\000c\000a}{subsubsection.3.1.2}% 12
\BOOKMARK [2][-]{subsection.3.2}{\376\377\000P\000r\000o\000c\000e\000s\000s\000i\000\040\000d\000i\000\040\000s\000u\000p\000p\000o\000r\000t\000o}{section.3}% 13
\BOOKMARK [3][-]{subsubsection.3.2.1}{\376\377\000D\000o\000c\000u\000m\000e\000n\000t\000a\000z\000i\000o\000n\000e}{subsection.3.2}% 14
\BOOKMARK [3][-]{subsubsection.3.2.2}{\376\377\000A\000c\000c\000e\000r\000t\000a\000m\000e\000n\000t\000o\000\040\000d\000e\000l\000l\000a\000\040\000q\000u\000a\000l\000i\000t\000\340}{subsection.3.2}% 15
\BOOKMARK [3][-]{subsubsection.3.2.3}{\376\377\000V\000e\000r\000i\000f\000i\000c\000a}{subsection.3.2}% 16
\BOOKMARK [1][-]{section.4}{\376\377\000Q\000u\000a\000l\000i\000t\000\340\000\040\000d\000i\000\040\000p\000r\000o\000d\000o\000t\000t\000o}{}% 17
\BOOKMARK [2][-]{subsection.4.1}{\376\377\000C\000u\000s\000t\000o\000m\000e\000r\000\040\000n\000e\000e\000d\000s}{section.4}% 18
\BOOKMARK [2][-]{subsection.4.2}{\376\377\000E\000f\000f\000i\000c\000i\000e\000n\000z\000a}{section.4}% 19
\BOOKMARK [2][-]{subsection.4.3}{\376\377\000U\000s\000a\000b\000i\000l\000i\000t\000\340}{section.4}% 20
\BOOKMARK [2][-]{subsection.4.4}{\376\377\000P\000o\000r\000t\000a\000b\000i\000l\000i\000t\000\340\000\040\000s\000u\000\040\000a\000l\000t\000r\000e\000\040\000p\000i\000a\000t\000t\000a\000f\000o\000r\000m\000e}{section.4}% 21
\BOOKMARK [2][-]{subsection.4.5}{\376\377\000M\000a\000n\000u\000t\000e\000n\000i\000b\000i\000l\000i\000t\000\340}{section.4}% 22
\BOOKMARK [1][-]{section.5}{\376\377\000T\000e\000s\000t}{}% 23
\BOOKMARK [2][-]{subsection.5.1}{\376\377\000T\000e\000s\000t\000\040\000d\000i\000\040\000U\000n\000i\000t\000\340}{section.5}% 24
\BOOKMARK [2][-]{subsection.5.2}{\376\377\000T\000e\000s\000t\000\040\000d\000i\000\040\000I\000n\000t\000e\000g\000r\000a\000z\000i\000o\000n\000e}{section.5}% 25
\BOOKMARK [2][-]{subsection.5.3}{\376\377\000T\000e\000s\000t\000\040\000d\000i\000\040\000S\000i\000s\000t\000e\000m\000a}{section.5}% 26
\BOOKMARK [2][-]{subsection.5.4}{\376\377\000T\000e\000s\000t\000\040\000d\000i\000\040\000R\000e\000g\000r\000e\000s\000s\000i\000o\000n\000e}{section.5}% 27
\BOOKMARK [2][-]{subsection.5.5}{\376\377\000T\000e\000s\000t\000\040\000d\000i\000\040\000A\000c\000c\000e\000t\000t\000a\000z\000i\000o\000n\000e}{section.5}% 28
\BOOKMARK [1][-]{section.6}{\376\377\000R\000e\000s\000o\000c\000o\000n\000t\000o}{}% 29
\BOOKMARK [2][-]{subsection.6.1}{\376\377\000P\000r\000o\000c\000e\000s\000s\000i\000\040\000p\000r\000i\000m\000a\000r\000i}{section.6}% 30
\BOOKMARK [3][-]{paragraph.6.1.0.1}{\376\377\000M\000P\000C\0001\000-\000E\000A\000C}{subsection.6.1}% 31
\BOOKMARK [4][-]{paragraph.6.1.0.2}{\376\377\000M\000P\000C\0002\000-\000C\000V}{paragraph.6.1.0.1}% 32
\BOOKMARK [4][-]{paragraph.6.1.0.3}{\376\377\000M\000P\000C\0003\000-\000S\000V}{paragraph.6.1.0.1}% 33
\BOOKMARK [4][-]{paragraph.6.1.0.4}{\376\377\000M\000P\000C\0004\000-\000B\000V}{paragraph.6.1.0.1}% 34
\BOOKMARK [4][-]{paragraph.6.1.0.5}{\376\377\000M\000P\000C\0005\000-\000P\000V}{paragraph.6.1.0.1}% 35
\BOOKMARK [4][-]{paragraph.6.1.0.6}{\376\377\000M\000P\000C\0006\000-\000A\000C}{paragraph.6.1.0.1}% 36
\BOOKMARK [4][-]{paragraph.6.1.0.7}{\376\377\000M\000P\000C\0007\000-\000E\000V}{paragraph.6.1.0.1}% 37
\BOOKMARK [2][-]{subsection.6.2}{\376\377\000P\000r\000o\000c\000e\000s\000s\000i\000\040\000d\000i\000\040\000s\000u\000p\000p\000o\000r\000t\000o}{section.6}% 38
\BOOKMARK [3][-]{paragraph.6.2.0.1}{\376\377\000M\000P\000C\0001\0005\000-\000E\000O\000D}{subsection.6.2}% 39
\BOOKMARK [4][-]{paragraph.6.2.0.2}{\376\377\000M\000P\000C\0001\0006\000-\000I\000G}{paragraph.6.2.0.1}% 40
\BOOKMARK [2][-]{subsection.6.3}{\376\377\000A\000c\000c\000e\000r\000t\000a\000m\000e\000n\000t\000o\000\040\000d\000e\000l\000l\000a\000\040\000q\000u\000a\000l\000i\000t\000\340}{section.6}% 41
\BOOKMARK [1][-]{section.7}{\376\377\000R\000i\000f\000e\000r\000i\000m\000e\000n\000t\000i\000\040\000e\000s\000t\000e\000r\000n\000i}{}% 42
