\BOOKMARK [1][-]{section.1}{\376\377\000S\000c\000o\000p\000o\000\040\000d\000e\000l\000\040\000D\000o\000c\000u\000m\000e\000n\000t\000o}{}% 1
\BOOKMARK [1][-]{section.2}{\376\377\000I\000l\000\040\000p\000r\000o\000g\000e\000t\000t\000o}{}% 2
\BOOKMARK [2][-]{subsection.2.1}{\376\377\000S\000c\000o\000p\000o\000\040\000d\000e\000l\000\040\000p\000r\000o\000g\000e\000t\000t\000o}{section.2}% 3
\BOOKMARK [2][-]{subsection.2.2}{\376\377\000D\000e\000s\000c\000r\000i\000z\000i\000o\000n\000e\000\040\000d\000e\000l\000\040\000p\000r\000o\000d\000o\000t\000t\000o}{section.2}% 4
\BOOKMARK [1][-]{section.3}{\376\377\000U\000s\000e\000\040\000C\000a\000s\000e\000s}{}% 5
\BOOKMARK [2][-]{subsection.3.1}{\376\377\000A\000t\000t\000o\000r\000i}{section.3}% 6
\BOOKMARK [2][-]{subsection.3.2}{\376\377\000E\000l\000e\000n\000c\000o\000\040\000d\000e\000i\000\040\000c\000a\000s\000i\000\040\000d\000'\000u\000s\000o}{section.3}% 7
\BOOKMARK [2][-]{section*.7}{\376\377\000U\000C\0001\000\040\000-\000\040\000C\000r\000e\000a\000z\000i\000o\000n\000e\000\040\000M\000a\000g\000a\000z\000z\000i\000n\000o}{section.3}% 8
\BOOKMARK [3][-]{section*.8}{\376\377\000U\000C\0001\000.\0001\000\040\000-\000\040\000C\000r\000e\000a\000z\000i\000o\000n\000e\000\040\000m\000a\000g\000a\000z\000z\000i\000n\000o\000\040\000d\000a\000\040\000f\000i\000l\000e}{section*.7}% 9
\BOOKMARK [3][-]{section*.9}{\376\377\000U\000C\0001\000.\0002\000\040\000-\000\040\000C\000r\000e\000a\000z\000i\000o\000n\000e\000\040\000m\000a\000n\000u\000a\000l\000e\000\040\000d\000e\000l\000\040\000m\000a\000g\000a\000z\000z\000i\000n\000o}{section*.7}% 10
\BOOKMARK [3][-]{section*.15}{\376\377\000U\000C\0001\000.\0003\000\040\000-\000\040\000V\000i\000s\000u\000a\000l\000i\000z\000z\000a\000z\000i\000o\000n\000e\000\040\000e\000r\000r\000o\000r\000e\000\040\000c\000a\000r\000i\000c\000a\000m\000e\000n\000t\000o\000\040\000f\000i\000l\000e}{section*.7}% 11
\BOOKMARK [2][-]{section*.16}{\376\377\000U\000C\0002\000\040\000-\000\040\000S\000a\000l\000v\000a\000t\000a\000g\000g\000i\000o\000\040\000m\000a\000g\000a\000z\000z\000i\000n\000o}{section.3}% 12
\BOOKMARK [3][-]{section*.17}{\376\377\000U\000C\0002\000.\0001\000\040\000-\000\040\000S\000a\000l\000v\000a\000t\000a\000g\000g\000i\000o\000\040\000s\000u\000\040\000f\000i\000l\000e\000\040\000c\000a\000r\000i\000c\000a\000t\000o}{section*.16}% 13
\BOOKMARK [3][-]{section*.18}{\376\377\000U\000C\0002\000.\0002\000\040\000-\000\040\000S\000a\000l\000v\000a\000t\000a\000g\000g\000i\000o\000\040\000s\000u\000\040\000n\000u\000o\000v\000o\000\040\000f\000i\000l\000e}{section*.16}% 14
\BOOKMARK [3][-]{section*.23}{\376\377\000U\000C\0002\000.\0003\000\040\000-\000\040\000V\000i\000s\000u\000a\000l\000i\000z\000z\000a\000z\000i\000o\000n\000e\000\040\000e\000r\000r\000o\000r\000e\000\040\000s\000a\000l\000v\000a\000t\000a\000g\000g\000i\000o\000\040\000d\000a\000t\000i}{section*.16}% 15
\BOOKMARK [2][-]{section*.24}{\376\377\000U\000C\0003\000\040\000-\000\040\000V\000i\000s\000u\000a\000l\000i\000z\000z\000a\000z\000i\000o\000n\000e\000\040\0003\000D\000\040\000d\000e\000l\000\040\000m\000a\000g\000a\000z\000z\000i\000n\000o}{section.3}% 16
\BOOKMARK [3][-]{section*.25}{\376\377\000U\000C\0003\000.\0001\000\040\000-\000\040\000V\000i\000s\000u\000a\000l\000i\000z\000z\000a\000z\000i\000o\000n\000e\000\040\0003\000D\000\040\000s\000p\000a\000z\000i\000o\000\040\000d\000e\000l\000\040\000m\000a\000g\000a\000z\000z\000i\000n\000o}{section*.24}% 17
\BOOKMARK [3][-]{section*.28}{\376\377\000U\000C\0003\000.\0002\000\040\000-\000\040\000V\000i\000s\000u\000a\000l\000i\000z\000z\000a\000z\000i\000o\000n\000e\000\040\0003\000D\000\040\000s\000c\000a\000f\000f\000a\000l\000a\000t\000u\000r\000e}{section*.24}% 18
\BOOKMARK [3][-]{section*.32}{\376\377\000U\000C\0003\000.\0003\000\040\000-\000\040\000V\000i\000s\000u\000a\000l\000i\000z\000z\000a\000z\000i\000o\000n\000e\000\040\0003\000D\000\040\000p\000r\000o\000d\000o\000t\000t\000i}{section*.24}% 19
\BOOKMARK [2][-]{section*.35}{\376\377\000U\000C\0004\000\040\000-\000\040\000V\000i\000s\000u\000a\000l\000i\000z\000z\000a\000z\000i\000o\000n\000e\000\040\000l\000i\000b\000r\000e\000r\000i\000a}{section.3}% 20
\BOOKMARK [3][-]{section*.36}{\376\377\000U\000C\0004\000.\0001\000\040\000-\000\040\000V\000i\000s\000u\000a\000l\000i\000z\000z\000a\000z\000i\000o\000n\000e\000\040\000e\000l\000e\000n\000c\000o\000\040\000s\000c\000a\000f\000f\000a\000l\000a\000t\000u\000r\000e}{section*.35}% 21
\BOOKMARK [3][-]{section*.42}{\376\377\000U\000C\0004\000.\0002\000\040\000-\000\040\000V\000i\000s\000u\000a\000l\000i\000z\000z\000a\000z\000i\000o\000n\000e\000\040\000e\000l\000e\000n\000c\000o\000\040\000p\000r\000o\000d\000o\000t\000t\000i}{section*.35}% 22
\BOOKMARK [2][-]{section*.51}{\376\377\000U\000C\0005\000\040\000-\000\040\000M\000o\000d\000i\000f\000i\000c\000a\000\040\000v\000i\000s\000t\000a\000\040\000m\000a\000g\000a\000z\000z\000i\000n\000o}{section.3}% 23
\BOOKMARK [3][-]{section*.52}{\376\377\000U\000C\0005\000.\0001\000\040\000-\000\040\000I\000n\000g\000r\000a\000n\000d\000i\000m\000e\000n\000t\000o}{section*.51}% 24
\BOOKMARK [3][-]{section*.53}{\376\377\000U\000C\0005\000.\0002\000\040\000-\000\040\000R\000i\000m\000p\000i\000c\000c\000i\000o\000l\000i\000m\000e\000n\000t\000o}{section*.51}% 25
\BOOKMARK [3][-]{section*.54}{\376\377\000U\000C\0005\000.\0003\000\040\000-\000\040\000R\000o\000t\000a\000z\000i\000o\000n\000e\000\040\000o\000r\000i\000z\000z\000o\000n\000t\000a\000l\000e}{section*.51}% 26
\BOOKMARK [3][-]{section*.55}{\376\377\000U\000C\0005\000.\0004\000\040\000-\000\040\000R\000o\000t\000a\000z\000i\000o\000n\000e\000\040\000v\000e\000r\000t\000i\000c\000a\000l\000e}{section*.51}% 27
\BOOKMARK [2][-]{section*.56}{\376\377\000U\000C\0006\000\040\000-\000\040\000C\000r\000e\000a\000z\000i\000o\000n\000e\000\040\000s\000c\000a\000f\000f\000a\000l\000a\000t\000u\000r\000a}{section.3}% 28
\BOOKMARK [3][-]{section*.57}{\376\377\000U\000C\0006\000.\0001\000\040\000-\000\040\000I\000n\000s\000e\000r\000i\000m\000e\000n\000t\000o\000\040\000c\000o\000d\000i\000c\000e}{section*.56}% 29
\BOOKMARK [3][-]{section*.58}{\376\377\000U\000C\0006\000.\0002\000\040\000-\000\040\000I\000n\000s\000e\000r\000i\000m\000e\000n\000t\000o\000\040\000d\000i\000m\000e\000n\000s\000i\000o\000n\000i}{section*.56}% 30
\BOOKMARK [2][-]{section*.61}{\376\377\000U\000C\0007\000\040\000-\000\040\000P\000o\000s\000i\000z\000i\000o\000n\000a\000m\000e\000n\000t\000o\000\040\000s\000c\000a\000f\000f\000a\000l\000a\000t\000u\000r\000a}{section.3}% 31
\BOOKMARK [2][-]{section*.62}{\376\377\000U\000C\0008\000\040\000-\000\040\000S\000e\000l\000e\000z\000i\000o\000n\000e\000\040\000s\000c\000a\000f\000f\000a\000l\000a\000t\000u\000r\000a}{section.3}% 32
\BOOKMARK [3][-]{section*.63}{\376\377\000U\000C\0008\000.\0001\000\040\000-\000\040\000S\000e\000l\000e\000z\000i\000o\000n\000e\000\040\000s\000c\000a\000f\000f\000a\000l\000a\000t\000u\000r\000a\000\040\000i\000n\000\040\000l\000i\000b\000r\000e\000r\000i\000a}{section*.62}% 33
\BOOKMARK [3][-]{section*.64}{\376\377\000U\000C\0008\000.\0001\000.\0001\000\040\000-\000\040\000E\000v\000i\000d\000e\000n\000z\000i\000a\000z\000i\000o\000n\000e\000\040\000s\000c\000a\000f\000f\000a\000l\000a\000t\000u\000r\000a\000\040\000i\000n\000\040\000l\000i\000b\000r\000e\000r\000i\000a}{section*.62}% 34
\BOOKMARK [3][-]{section*.65}{\376\377\000U\000C\0008\000.\0002\000\040\000-\000\040\000S\000e\000l\000e\000z\000i\000o\000n\000e\000\040\000s\000c\000a\000f\000f\000a\000l\000a\000t\000u\000r\000a\000\040\000i\000n\000\040\000r\000e\000n\000d\000e\000r\000\040\0003\000D}{section*.62}% 35
\BOOKMARK [3][-]{section*.66}{\376\377\000U\000C\0008\000.\0002\000.\0001\000\040\000-\000\040\000E\000v\000i\000d\000e\000n\000z\000i\000a\000z\000i\000o\000n\000e\000\040\000s\000c\000a\000f\000f\000a\000l\000a\000t\000u\000r\000a\000\040\000i\000n\000\040\000r\000e\000n\000d\000e\000r\000\040\0003\000D}{section*.62}% 36
\BOOKMARK [2][-]{section*.67}{\376\377\000U\000C\0009\000\040\000-\000\040\000M\000o\000d\000i\000f\000i\000c\000a\000\040\000s\000c\000a\000f\000f\000a\000l\000a\000t\000u\000r\000a}{section.3}% 37
\BOOKMARK [3][-]{section*.68}{\376\377\000U\000C\0009\000.\0001\000\040\000-\000\040\000M\000o\000d\000i\000f\000i\000c\000a\000\040\000c\000a\000p\000a\000c\000i\000t\000\340\000\040\000s\000c\000a\000f\000f\000a\000l\000a\000t\000u\000r\000a}{section*.67}% 38
\BOOKMARK [3][-]{section*.76}{\376\377\000U\000C\0009\000.\0002\000\040\000-\000\040\000M\000o\000d\000i\000f\000i\000c\000a\000\040\000c\000o\000d\000i\000c\000e\000\040\000s\000c\000a\000f\000f\000a\000l\000a\000t\000u\000r\000a}{section*.67}% 39
\BOOKMARK [3][-]{section*.77}{\376\377\000U\000C\0009\000.\0003\000\040\000-\000\040\000M\000o\000d\000i\000f\000i\000c\000a\000\040\000p\000o\000s\000i\000z\000i\000o\000n\000e\000\040\000s\000c\000a\000f\000f\000a\000l\000a\000t\000u\000r\000a}{section*.67}% 40
\BOOKMARK [2][-]{section*.78}{\376\377\000U\000C\0001\0000\000\040\000-\000\040\000R\000i\000c\000e\000r\000c\000a\000\040\000s\000c\000a\000f\000f\000a\000l\000a\000t\000u\000r\000a\000\040\000p\000e\000r\000\040\000c\000o\000d\000i\000c\000e}{section.3}% 41
\BOOKMARK [3][-]{section*.79}{\376\377\000U\000C\0001\0000\000.\0001\000\040\000-\000\040\000V\000i\000s\000u\000a\000l\000i\000z\000z\000a\000z\000i\000o\000n\000e\000\040\000e\000r\000r\000o\000r\000e\000\040\000c\000o\000d\000i\000c\000e\000\040\000i\000n\000e\000s\000i\000s\000t\000e\000n\000t\000e}{section*.78}% 42
\BOOKMARK [2][-]{section*.80}{\376\377\000U\000C\0001\0001\000\040\000-\000\040\000V\000i\000s\000u\000a\000l\000i\000z\000z\000a\000z\000i\000o\000n\000e\000\040\000r\000i\000s\000u\000l\000t\000a\000t\000o\000\040\000r\000i\000c\000e\000r\000c\000a\000\040\000s\000c\000a\000f\000f\000a\000l\000a\000t\000u\000r\000a}{section.3}% 43
\BOOKMARK [2][-]{section*.81}{\376\377\000U\000C\0001\0002\000\040\000-\000\040\000C\000a\000n\000c\000e\000l\000l\000a\000z\000i\000o\000n\000e\000\040\000s\000c\000a\000f\000f\000a\000l\000a\000t\000u\000r\000a}{section.3}% 44
\BOOKMARK [3][-]{section*.82}{\376\377\000U\000C\0001\0002\000.\0001\000\040\000-\000\040\000V\000i\000s\000u\000a\000l\000i\000z\000z\000a\000z\000i\000o\000n\000e\000\040\000e\000r\000r\000o\000r\000e\000\040\000s\000c\000a\000f\000f\000a\000l\000a\000t\000u\000r\000a\000\040\000o\000c\000c\000u\000p\000a\000t\000a}{section*.81}% 45
\BOOKMARK [3][-]{section*.83}{\376\377\000U\000C\0001\0002\000.\0002\000\040\000-\000\040\000C\000a\000n\000c\000e\000l\000l\000a\000z\000i\000o\000n\000e\000\040\000s\000c\000a\000f\000f\000a\000l\000a\000t\000u\000r\000a\000\040\000d\000a\000\040\000l\000i\000b\000r\000e\000r\000i\000a}{section*.81}% 46
\BOOKMARK [3][-]{section*.84}{\376\377\000U\000C\0001\0002\000.\0003\000\040\000-\000\040\000C\000a\000n\000c\000e\000l\000l\000a\000z\000i\000o\000n\000e\000\040\000s\000c\000a\000f\000f\000a\000l\000a\000t\000u\000r\000a\000\040\000d\000a\000\040\000r\000e\000n\000d\000e\000r\000\040\0003\000D}{section*.81}% 47
\BOOKMARK [2][-]{section*.85}{\376\377\000U\000C\0001\0003\000\040\000-\000\040\000C\000r\000e\000a\000z\000i\000o\000n\000e\000\040\000p\000r\000o\000d\000o\000t\000t\000o}{section.3}% 48
\BOOKMARK [3][-]{section*.86}{\376\377\000U\000C\0001\0003\000.\0001\000\040\000-\000\040\000I\000n\000s\000e\000r\000i\000m\000e\000n\000t\000o\000\040\000n\000o\000m\000e}{section*.85}% 49
\BOOKMARK [3][-]{section*.87}{\376\377\000U\000C\0001\0003\000.\0002\000\040\000-\000\040\000I\000n\000s\000e\000r\000i\000m\000e\000n\000t\000o\000\040\000d\000i\000m\000e\000n\000s\000i\000o\000n\000i}{section*.85}% 50
\BOOKMARK [3][-]{section*.94}{\376\377\000U\000C\0001\0003\000.\0003\000\040\000-\000\040\000V\000i\000s\000u\000a\000l\000i\000z\000z\000a\000z\000i\000o\000n\000e\000\040\000e\000r\000r\000o\000r\000e\000\040\000n\000o\000m\000e\000\040\000n\000o\000n\000\040\000v\000a\000l\000i\000d\000o}{section*.85}% 51
\BOOKMARK [2][-]{section*.95}{\376\377\000U\000C\0001\0004\000\040\000-\000\040\000P\000o\000s\000i\000z\000i\000o\000n\000a\000m\000e\000n\000t\000o\000\040\000p\000r\000o\000d\000o\000t\000t\000o\000\040\000i\000n\000\040\000s\000c\000a\000f\000f\000a\000l\000a\000t\000u\000r\000a}{section.3}% 52
\BOOKMARK [3][-]{section*.96}{\376\377\000U\000C\0001\0004\000.\0001\000\040\000-\000\040\000V\000i\000s\000u\000a\000l\000i\000z\000z\000a\000z\000i\000o\000n\000e\000\040\000e\000r\000r\000o\000r\000e\000\040\000p\000o\000s\000i\000z\000i\000o\000n\000e\000\040\000n\000o\000n\000\040\000v\000a\000l\000i\000d\000a}{section*.95}% 53
\BOOKMARK [3][-]{section*.97}{\376\377\000U\000C\0001\0004\000.\0002\000\040\000-\000\040\000S\000e\000l\000e\000z\000i\000o\000n\000e\000\040\000p\000o\000s\000i\000z\000i\000o\000n\000e\000\040\000i\000n\000t\000e\000r\000n\000a\000\040\000a\000l\000l\000a\000\040\000s\000c\000a\000f\000f\000a\000l\000a\000t\000u\000r\000a}{section*.95}% 54
\BOOKMARK [3][-]{section*.98}{\376\377\000U\000C\0001\0004\000.\0003\000\040\000-\000\040\000V\000i\000s\000u\000a\000l\000i\000z\000z\000a\000z\000i\000o\000n\000e\000\040\000e\000r\000r\000o\000r\000e\000\040\000p\000o\000s\000i\000z\000i\000o\000n\000e\000\040\000o\000c\000c\000u\000p\000a\000t\000a}{section*.95}% 55
\BOOKMARK [2][-]{section*.99}{\376\377\000U\000C\0001\0005\000\040\000-\000\040\000S\000e\000l\000e\000z\000i\000o\000n\000e\000\040\000p\000r\000o\000d\000o\000t\000t\000o}{section.3}% 56
\BOOKMARK [3][-]{section*.100}{\376\377\000U\000C\0001\0005\000.\0001\000\040\000-\000\040\000S\000e\000l\000e\000z\000i\000o\000n\000e\000\040\000p\000r\000o\000d\000o\000t\000t\000o\000\040\000d\000a\000\040\000l\000i\000b\000r\000e\000r\000i\000a}{section*.99}% 57
\BOOKMARK [3][-]{section*.102}{\376\377\000U\000C\0001\0005\000.\0002\000\040\000-\000\040\000S\000e\000l\000e\000z\000i\000o\000n\000e\000\040\000p\000r\000o\000d\000o\000t\000t\000o\000\040\000d\000a\000\040\000r\000e\000n\000d\000e\000r\000\040\0003\000D}{section*.99}% 58
\BOOKMARK [3][-]{section*.104}{\376\377\000U\000C\0001\0005\000.\0003\000\040\000-\000\040\000S\000e\000l\000e\000z\000i\000o\000n\000e\000\040\000p\000r\000o\000d\000o\000t\000t\000o\000\040\000p\000o\000s\000i\000z\000i\000o\000n\000a\000t\000o\000\040\000d\000a\000\040\000l\000i\000b\000r\000e\000r\000i\000a}{section*.99}% 59
\BOOKMARK [2][-]{section*.105}{\376\377\000U\000C\0001\0006\000\040\000-\000\040\000R\000i\000c\000e\000r\000c\000a\000\040\000p\000r\000o\000d\000o\000t\000t\000o\000\040\000p\000e\000r\000\040\000n\000o\000m\000e}{section.3}% 60
\BOOKMARK [3][-]{section*.106}{\376\377\000U\000C\0001\0006\000.\0001\000\040\000-\000\040\000V\000i\000s\000u\000a\000l\000i\000z\000z\000a\000z\000i\000o\000n\000e\000\040\000e\000r\000r\000o\000r\000e\000\040\000c\000o\000d\000i\000c\000e\000\040\000i\000n\000e\000s\000i\000s\000t\000e\000n\000t\000e}{section*.105}% 61
\BOOKMARK [2][-]{section*.107}{\376\377\000U\000C\0001\0007\000\040\000-\000\040\000V\000i\000s\000u\000a\000l\000i\000z\000z\000a\000z\000i\000o\000n\000e\000\040\000r\000i\000s\000u\000l\000t\000a\000t\000o\000\040\000r\000i\000c\000e\000r\000c\000a\000\040\000p\000r\000o\000d\000o\000t\000t\000o}{section.3}% 62
\BOOKMARK [2][-]{section*.108}{\376\377\000U\000C\0001\0008\000\040\000-\000\040\000C\000a\000n\000c\000e\000l\000l\000a\000z\000i\000o\000n\000e\000\040\000p\000r\000o\000d\000o\000t\000t\000o}{section.3}% 63
\BOOKMARK [3][-]{section*.109}{\376\377\000U\000C\0001\0008\000.\0001\000\040\000-\000\040\000C\000a\000n\000c\000e\000l\000l\000a\000z\000i\000o\000n\000e\000\040\000p\000r\000o\000d\000o\000t\000t\000o\000\040\000p\000o\000s\000i\000z\000i\000o\000n\000a\000t\000o}{section*.108}% 64
\BOOKMARK [3][-]{section*.111}{\376\377\000U\000C\0001\0008\000.\0002\000\040\000-\000\040\000C\000a\000n\000c\000e\000l\000l\000a\000z\000i\000o\000n\000e\000\040\000p\000r\000o\000d\000o\000t\000t\000o\000\040\000d\000a\000\040\000l\000i\000b\000r\000e\000r\000i\000a}{section*.108}% 65
\BOOKMARK [2][-]{section*.112}{\376\377\000U\000C\0001\0009\000\040\000-\000\040\000R\000i\000c\000h\000i\000e\000s\000t\000a\000\040\000d\000i\000\040\000s\000p\000o\000s\000t\000a\000m\000e\000n\000t\000o}{section.3}% 66
\BOOKMARK [3][-]{section*.113}{\376\377\000U\000C\0001\0009\000.\0001\000\040\000-\000\040\000S\000e\000l\000e\000z\000i\000o\000n\000e\000\040\000s\000c\000a\000f\000f\000a\000l\000a\000t\000u\000r\000a\000\040\000d\000i\000\040\000d\000e\000s\000t\000i\000n\000a\000z\000i\000o\000n\000e}{section*.112}% 67
\BOOKMARK [3][-]{section*.116}{\376\377\000U\000C\0001\0009\000.\0002\000\040\000-\000\040\000V\000i\000s\000u\000a\000l\000i\000z\000z\000a\000z\000i\000o\000n\000e\000\040\000e\000r\000r\000o\000r\000e\000\040\000d\000e\000s\000t\000i\000n\000a\000z\000i\000o\000n\000e\000\040\000n\000o\000n\000\040\000v\000a\000l\000i\000d\000a}{section*.112}% 68
\BOOKMARK [2][-]{section*.117}{\376\377\000U\000C\0002\0000\000\040\000-\000\040\000V\000i\000s\000u\000a\000l\000i\000z\000z\000a\000z\000i\000o\000n\000e\000\040\000r\000i\000c\000h\000i\000e\000s\000t\000e\000\040\000d\000i\000\040\000s\000p\000o\000s\000t\000a\000m\000e\000n\000t\000o\000\040\000p\000e\000n\000d\000e\000n\000t\000i}{section.3}% 69
\BOOKMARK [3][-]{section*.118}{\376\377\000U\000C\0002\0000\000.\0001\000\040\000-\000\040\000V\000i\000s\000u\000a\000l\000i\000z\000z\000a\000z\000i\000o\000n\000e\000\040\000s\000i\000n\000g\000o\000l\000a\000\040\000r\000i\000c\000h\000i\000e\000s\000t\000a\000\040\000d\000i\000\040\000s\000p\000o\000s\000t\000a\000m\000e\000n\000t\000o\000\040\000p\000e\000n\000d\000e\000n\000t\000e}{section*.117}% 70
\BOOKMARK [2][-]{section*.122}{\376\377\000U\000C\0002\0001\000\040\000-\000\040\000V\000i\000s\000u\000a\000l\000i\000z\000z\000a\000z\000i\000o\000n\000e\000\040\000e\000r\000r\000o\000r\000e\000\040\000i\000n\000s\000e\000r\000i\000m\000e\000n\000t\000o\000\040\000m\000i\000s\000u\000r\000a}{section.3}% 71
\BOOKMARK [2][-]{section*.123}{\376\377\000U\000C\0002\0002\000\040\000-\000\040\000V\000i\000s\000u\000a\000l\000i\000z\000z\000a\000z\000i\000o\000n\000e\000\040\000e\000r\000r\000o\000r\000e\000\040\000c\000o\000d\000i\000c\000e\000\040\000s\000c\000a\000f\000f\000a\000l\000a\000t\000u\000r\000a\000\040\000n\000o\000n\000\040\000v\000a\000l\000i\000d\000o}{section.3}% 72
\BOOKMARK [2][-]{section*.124}{\376\377\000U\000C\0002\0003\000\040\000-\000\040\000V\000i\000s\000u\000a\000l\000i\000z\000z\000a\000z\000i\000o\000n\000e\000\040\000e\000r\000r\000o\000r\000e\000\040\000m\000i\000s\000u\000r\000a\000\040\000i\000n\000\040\000b\000i\000n\000G\000\040\000n\000o\000n\000\040\000v\000a\000l\000i\000d\000a}{section.3}% 73
\BOOKMARK [2][-]{section*.125}{\376\377\000U\000C\0002\0004\000\040\000-\000\040\000V\000i\000s\000u\000a\000l\000i\000z\000z\000a\000z\000i\000o\000n\000e\000\040\000e\000r\000r\000o\000r\000e\000\040\000a\000l\000t\000e\000z\000z\000a\000\040\000n\000o\000n\000\040\000v\000a\000l\000i\000d\000a}{section.3}% 74
\BOOKMARK [2][-]{section*.126}{\376\377\000U\000C\0002\0005\000\040\000-\000\040\000V\000i\000s\000u\000a\000l\000i\000z\000z\000a\000z\000i\000o\000n\000e\000\040\000e\000r\000r\000o\000r\000e\000\040\000l\000a\000r\000g\000h\000e\000z\000z\000a\000\040\000n\000o\000n\000\040\000v\000a\000l\000i\000d\000a}{section.3}% 75
\BOOKMARK [2][-]{section*.127}{\376\377\000U\000C\0002\0006\000\040\000-\000\040\000V\000i\000s\000u\000a\000l\000i\000z\000z\000a\000z\000i\000o\000n\000e\000\040\000e\000r\000r\000o\000r\000e\000\040\000p\000o\000s\000i\000z\000i\000o\000n\000e\000\040\000n\000o\000n\000\040\000v\000a\000l\000i\000d\000a}{section.3}% 76
\BOOKMARK [1][-]{section.4}{\376\377\000R\000e\000q\000u\000i\000s\000i\000t\000i}{}% 77
\BOOKMARK [2][-]{subsection.4.1}{\376\377\000C\000l\000a\000s\000s\000i\000f\000i\000c\000a\000z\000i\000o\000n\000e\000\040\000d\000e\000i\000\040\000r\000e\000q\000u\000i\000s\000i\000t\000i}{section.4}% 78
\BOOKMARK [3][-]{subsubsection.4.1.1}{\376\377\000R\000e\000q\000u\000i\000s\000i\000t\000i\000\040\000f\000u\000n\000z\000i\000o\000n\000a\000l\000i}{subsection.4.1}% 79
\BOOKMARK [3][-]{subsubsection.4.1.2}{\376\377\000R\000e\000q\000u\000i\000s\000i\000t\000i\000\040\000d\000i\000\040\000q\000u\000a\000l\000i\000t\000\340}{subsection.4.1}% 80
\BOOKMARK [3][-]{subsubsection.4.1.3}{\376\377\000R\000e\000q\000u\000i\000s\000i\000t\000i\000\040\000d\000i\000\040\000s\000i\000s\000t\000e\000m\000a\000\040\000\050\000d\000i\000\040\000v\000i\000n\000c\000o\000l\000o\000\051}{subsection.4.1}% 81
\BOOKMARK [3][-]{subsubsection.4.1.4}{\376\377\000R\000e\000q\000u\000i\000s\000i\000t\000i\000\040\000p\000r\000e\000s\000t\000a\000z\000i\000o\000n\000a\000l\000i}{subsection.4.1}% 82
\BOOKMARK [2][-]{subsection.4.2}{\376\377\000T\000r\000a\000c\000c\000i\000a\000m\000e\000n\000t\000o\000\040\000d\000e\000i\000\040\000r\000e\000q\000u\000i\000s\000i\000t\000i}{section.4}% 83
\BOOKMARK [3][-]{subsubsection.4.2.1}{\376\377\000T\000r\000a\000c\000c\000i\000a\000m\000e\000n\000t\000o\000\040\000r\000e\000q\000u\000i\000s\000i\000t\000i\000-\000f\000o\000n\000t\000i}{subsection.4.2}% 84
\BOOKMARK [3][-]{subsubsection.4.2.2}{\376\377\000T\000r\000a\000c\000c\000i\000a\000m\000e\000n\000t\000o\000\040\000f\000o\000n\000t\000i\000-\000r\000e\000q\000u\000i\000s\000i\000t\000i}{subsection.4.2}% 85
\BOOKMARK [2][-]{subsection.4.3}{\376\377\000R\000i\000e\000p\000i\000l\000o\000g\000o\000\040\000d\000e\000i\000\040\000r\000e\000q\000u\000i\000s\000i\000t\000i}{section.4}% 86
\BOOKMARK [1][-]{section.5}{\376\377\000R\000i\000f\000e\000r\000i\000m\000e\000n\000t\000i\000\040\000e\000s\000t\000e\000r\000n\000i}{}% 87
\BOOKMARK [2][-]{subsection.5.1}{\376\377\000R\000i\000f\000e\000r\000i\000m\000e\000n\000t\000i\000\040\000n\000o\000r\000m\000a\000t\000i\000v\000i}{section.5}% 88
\BOOKMARK [2][-]{subsection.5.2}{\376\377\000R\000i\000f\000e\000r\000i\000m\000e\000n\000t\000i\000\040\000i\000n\000f\000o\000r\000m\000a\000t\000i\000v\000i}{section.5}% 89
